<?xml version="1.0" encoding="UTF-8"?>
<testsuite xmlns:xsi="http://www.w3.org/2001/XMLSchema-instance" xsi:noNamespaceSchemaLocation="https://maven.apache.org/surefire/maven-surefire-plugin/xsd/surefire-test-report-3.0.xsd" version="3.0" name="uni.isw.ApplicationTests" time="20.049" tests="1" errors="0" skipped="0" failures="0">
  <properties>
[...]
</properties>
  <testcase name="contextLoads" classname="uni.isw.ApplicationTests" time="1.328">
    <system-out><![CDATA[19:47:25.915 [main] INFO org.springframework.test.context.support.AnnotationConfigContextLoaderUtils -- Could not detect default configuration classes for test class [uni.isw.ApplicationTests]: ApplicationTests does not declare any static, non-private, non-final, nested classes annotated with @Configuration.
19:47:26.352 [main] INFO org.springframework.boot.test.context.SpringBootTestContextBootstrapper -- Found @SpringBootConfiguration uni.isw.SigatApplicationBackend for test class uni.isw.ApplicationTests
19:47:26.891 [main] INFO org.springframework.boot.devtools.restart.RestartApplicationListener -- Restart disabled due to context in which it is running
 ,---.   ,---. ,--. ,-----. ,-----.,----.   ,---. ,--. ,---. ,--.                 ,--.  ,-----.               ,--.                     ,--.,------.                ,--.               ,--.   
'.-.  \ /    |/   |'  .--./'  .--./'.-.  | /    |/   |'   .-'`--' ,---.  ,--,--.,-'  '-.|  |) /_  ,--,--.,---.|  |,-. ,---. ,--,--,  ,-|  ||  .--. ',--.--. ,---.  `--' ,---.  ,---.,-'  '-. 
 .-' .'/  '  |`|  ||  |    |  |      .' < /  '  |`|  |`.  `-.,--.| .-. |' ,-.  |'-.  .-'|  .-.  \' ,-.  | .--'|     /| .-. :|      \' .-. ||  '--' ||  .--'| .-. | ,--.| .-. :| .--''-.  .-' 
/   '-.'--|  | |  |'  '--'\'  '--'\/'-'  |'--|  | |  |.-'    |  |' '-' '\ '-'  |  |  |  |  '--' /\ '-'  \ `--.|  \  \\   --.|  ||  |\ `-' ||  | --' |  |   ' '-' ' |  |\   --.\ `--.  |  |   
'-----'   `--' `--' `-----' `-----'`----'    `--' `--'`-----'`--'.`-  /  `--`--'  `--'  `------'  `--`--'`---'`--'`--'`----'`--''--' `---' `--'     `--'    `---'.-'  / `----' `---'  `--'   
                                                                 `---'                                                                                           '---'                       
2024-06-22T19:47:27.671-05:00  INFO 20744 --- [241CC341SpringSigatBackend] [           main] uni.isw.ApplicationTests                 : Starting ApplicationTests using Java 19.0.2 with PID 20744 (started by hp in E:\@@data\1.- Cursos\4.-uni-isw\Evaluacion\4PC\241CC341AGRUPO7PC4\origen\SIGAT---backend-master)
2024-06-22T19:47:27.676-05:00  INFO 20744 --- [241CC341SpringSigatBackend] [           main] uni.isw.ApplicationTests                 : No active profile set, falling back to 1 default profile: "default"
2024-06-22T19:47:29.828-05:00  INFO 20744 --- [241CC341SpringSigatBackend] [           main] .s.d.r.c.RepositoryConfigurationDelegate : Bootstrapping Spring Data JPA repositories in DEFAULT mode.
2024-06-22T19:47:30.021-05:00  INFO 20744 --- [241CC341SpringSigatBackend] [           main] .s.d.r.c.RepositoryConfigurationDelegate : Finished Spring Data repository scanning in 171 ms. Found 5 JPA repository interfaces.
2024-06-22T19:47:31.249-05:00  INFO 20744 --- [241CC341SpringSigatBackend] [           main] com.zaxxer.hikari.HikariDataSource       : HikariPool-1 - Starting...
2024-06-22T19:47:33.925-05:00  INFO 20744 --- [241CC341SpringSigatBackend] [           main] com.zaxxer.hikari.pool.HikariPool        : HikariPool-1 - Added connection org.postgresql.jdbc.PgConnection@6a950a3b
2024-06-22T19:47:33.925-05:00  INFO 20744 --- [241CC341SpringSigatBackend] [           main] com.zaxxer.hikari.HikariDataSource       : HikariPool-1 - Start completed.
2024-06-22T19:47:34.089-05:00  INFO 20744 --- [241CC341SpringSigatBackend] [           main] o.hibernate.jpa.internal.util.LogHelper  : HHH000204: Processing PersistenceUnitInfo [name: default]
2024-06-22T19:47:34.204-05:00  INFO 20744 --- [241CC341SpringSigatBackend] [           main] org.hibernate.Version                    : HHH000412: Hibernate ORM core version 6.5.2.Final
2024-06-22T19:47:34.264-05:00  INFO 20744 --- [241CC341SpringSigatBackend] [           main] o.h.c.internal.RegionFactoryInitiator    : HHH000026: Second-level cache disabled
2024-06-22T19:47:35.046-05:00  INFO 20744 --- [241CC341SpringSigatBackend] [           main] o.s.o.j.p.SpringPersistenceUnitInfo      : No LoadTimeWeaver setup: ignoring JPA class transformer
2024-06-22T19:47:38.517-05:00  INFO 20744 --- [241CC341SpringSigatBackend] [           main] o.h.e.t.j.p.i.JtaPlatformInitiator       : HHH000489: No JTA platform available (set 'hibernate.transaction.jta.platform' to enable JTA platform integration)
2024-06-22T19:47:38.528-05:00  INFO 20744 --- [241CC341SpringSigatBackend] [           main] j.LocalContainerEntityManagerFactoryBean : Initialized JPA EntityManagerFactory for persistence unit 'default'
2024-06-22T19:47:42.652-05:00  WARN 20744 --- [241CC341SpringSigatBackend] [           main] JpaBaseConfiguration$JpaWebConfiguration : spring.jpa.open-in-view is enabled by default. Therefore, database queries may be performed during view rendering. Explicitly configure spring.jpa.open-in-view to disable this warning
2024-06-22T19:47:43.898-05:00  INFO 20744 --- [241CC341SpringSigatBackend] [           main] uni.isw.ApplicationTests                 : Started ApplicationTests in 17.05 seconds (process running for 20.449)
]]></system-out>
  </testcase>
</testsuite>